# JRE version: Java(TM) SE Runtime Environment (8.0_144-b01) (build 1.8.0_144-b01)
# Java VM: Java HotSpot(TM) 64-Bit Server VM (25.144-b01 mixed mode windows-amd64 compressed oops)
Heap:
 PSYoungGen      total 38400K, used 5715K [0x00000000eb200000, 0x00000000ede00000, 0x0000000100000000)
  eden space 32256K, 17% used [0x00000000eb200000,0x00000000eb794e90,0x00000000ed180000)
  from space 6144K, 0% used [0x00000000ed180000,0x00000000ed180000,0x00000000ed780000)
  to   space 5632K, 0% used [0x00000000ed780000,0x00000000ed780000,0x00000000edd00000)
 ParOldGen       total 34816K, used 7452K [0x00000000c1600000, 0x00000000c3800000, 0x00000000eb200000)
  object space 34816K, 21% used [0x00000000c1600000,0x00000000c1d47238,0x00000000c3800000)
 Metaspace       used 21615K, capacity 21912K, committed 22192K, reserved 1069056K
  class space    used 2680K, capacity 2759K, committed 2816K, reserved 1048576K
GC Heap History (10 events):
Event: 1.993 GC heap before
{Heap before GC invocations=4 (full 0):
 PSYoungGen      total 18944K, used 18925K [0x00000000eb200000, 0x00000000ec700000, 0x0000000100000000)
  eden space 16384K, 100% used [0x00000000eb200000,0x00000000ec200000,0x00000000ec200000)
  from space 2560K, 99% used [0x00000000ec200000,0x00000000ec47b6f8,0x00000000ec480000)
  to   space 2560K, 0% used [0x00000000ec480000,0x00000000ec480000,0x00000000ec700000)
 ParOldGen       total 44032K, used 2062K [0x00000000c1600000, 0x00000000c4100000, 0x00000000eb200000)
  object space 44032K, 4% used [0x00000000c1600000,0x00000000c1803930,0x00000000c4100000)
 Metaspace       used 12371K, capacity 12486K, committed 12544K, reserved 1060864K
  class space    used 1504K, capacity 1533K, committed 1536K, reserved 1048576K
Event: 2.003 GC heap after
Heap after GC invocations=4 (full 0):
 PSYoungGen      total 18944K, used 2544K [0x00000000eb200000, 0x00000000ed700000, 0x0000000100000000)
  eden space 16384K, 0% used [0x00000000eb200000,0x00000000eb200000,0x00000000ec200000)
  from space 2560K, 99% used [0x00000000ec480000,0x00000000ec6fc010,0x00000000ec700000)
  to   space 2560K, 0% used [0x00000000ec200000,0x00000000ec200000,0x00000000ec480000)
 ParOldGen       total 44032K, used 4331K [0x00000000c1600000, 0x00000000c4100000, 0x00000000eb200000)
  object space 44032K, 9% used [0x00000000c1600000,0x00000000c1a3ac28,0x00000000c4100000)
 Metaspace       used 12371K, capacity 12486K, committed 12544K, reserved 1060864K
  class space    used 1504K, capacity 1533K, committed 1536K, reserved 1048576K
}
Event: 2.400 GC heap before
{Heap before GC invocations=5 (full 0):
 PSYoungGen      total 18944K, used 18928K [0x00000000eb200000, 0x00000000ed700000, 0x0000000100000000)
  eden space 16384K, 100% used [0x00000000eb200000,0x00000000ec200000,0x00000000ec200000)
  from space 2560K, 99% used [0x00000000ec480000,0x00000000ec6fc010,0x00000000ec700000)
  to   space 2560K, 0% used [0x00000000ec200000,0x00000000ec200000,0x00000000ec480000)
 ParOldGen       total 44032K, used 4331K [0x00000000c1600000, 0x00000000c4100000, 0x00000000eb200000)
  object space 44032K, 9% used [0x00000000c1600000,0x00000000c1a3ac28,0x00000000c4100000)
 Metaspace       used 14469K, capacity 14662K, committed 14976K, reserved 1062912K
  class space    used 1818K, capacity 1853K, committed 1920K, reserved 1048576K
Event: 2.409 GC heap after
Heap after GC invocations=5 (full 0):
 PSYoungGen      total 18944K, used 2528K [0x00000000eb200000, 0x00000000edd00000, 0x0000000100000000)
  eden space 16384K, 0% used [0x00000000eb200000,0x00000000eb200000,0x00000000ec200000)
  from space 2560K, 98% used [0x00000000ec200000,0x00000000ec478040,0x00000000ec480000)
  to   space 5632K, 0% used [0x00000000ed780000,0x00000000ed780000,0x00000000edd00000)
 ParOldGen       total 44032K, used 6258K [0x00000000c1600000, 0x00000000c4100000, 0x00000000eb200000)
  object space 44032K, 14% used [0x00000000c1600000,0x00000000c1c1c8d8,0x00000000c4100000)
 Metaspace       used 14469K, capacity 14662K, committed 14976K, reserved 1062912K
  class space    used 1818K, capacity 1853K, committed 1920K, reserved 1048576K
}
Event: 2.876 GC heap before
{Heap before GC invocations=6 (full 0):
 PSYoungGen      total 18944K, used 18882K [0x00000000eb200000, 0x00000000edd00000, 0x0000000100000000)
  eden space 16384K, 99% used [0x00000000eb200000,0x00000000ec1f8a90,0x00000000ec200000)
  from space 2560K, 98% used [0x00000000ec200000,0x00000000ec478040,0x00000000ec480000)
  to   space 5632K, 0% used [0x00000000ed780000,0x00000000ed780000,0x00000000edd00000)
 ParOldGen       total 44032K, used 6258K [0x00000000c1600000, 0x00000000c4100000, 0x00000000eb200000)
  object space 44032K, 14% used [0x00000000c1600000,0x00000000c1c1c8d8,0x00000000c4100000)
 Metaspace       used 17753K, capacity 17982K, committed 18176K, reserved 1064960K
  class space    used 2212K, capacity 2257K, committed 2304K, reserved 1048576K
Event: 2.886 GC heap after
Heap after GC invocations=6 (full 0):
 PSYoungGen      total 37888K, used 5409K [0x00000000eb200000, 0x00000000ede00000, 0x0000000100000000)
  eden space 32256K, 0% used [0x00000000eb200000,0x00000000eb200000,0x00000000ed180000)
  from space 5632K, 96% used [0x00000000ed780000,0x00000000edcc8430,0x00000000edd00000)
  to   space 6144K, 0% used [0x00000000ed180000,0x00000000ed180000,0x00000000ed780000)
 ParOldGen       total 44032K, used 6330K [0x00000000c1600000, 0x00000000c4100000, 0x00000000eb200000)
  object space 44032K, 14% used [0x00000000c1600000,0x00000000c1c2e8e8,0x00000000c4100000)
 Metaspace       used 17753K, capacity 17982K, committed 18176K, reserved 1064960K
  class space    used 2212K, capacity 2257K, committed 2304K, reserved 1048576K
}
Event: 3.262 GC heap before
{Heap before GC invocations=7 (full 0):
 PSYoungGen      total 37888K, used 27567K [0x00000000eb200000, 0x00000000ede00000, 0x0000000100000000)
  eden space 32256K, 68% used [0x00000000eb200000,0x00000000ec7a3840,0x00000000ed180000)
  from space 5632K, 96% used [0x00000000ed780000,0x00000000edcc8430,0x00000000edd00000)
  to   space 6144K, 0% used [0x00000000ed180000,0x00000000ed180000,0x00000000ed780000)
 ParOldGen       total 44032K, used 6330K [0x00000000c1600000, 0x00000000c4100000, 0x00000000eb200000)
  object space 44032K, 14% used [0x00000000c1600000,0x00000000c1c2e8e8,0x00000000c4100000)
 Metaspace       used 20847K, capacity 21078K, committed 21296K, reserved 1069056K
  class space    used 2580K, capacity 2636K, committed 2688K, reserved 1048576K
Event: 3.283 GC heap after
Heap after GC invocations=7 (full 0):
 PSYoungGen      total 38400K, used 5732K [0x00000000eb200000, 0x00000000ede00000, 0x0000000100000000)
  eden space 32256K, 0% used [0x00000000eb200000,0x00000000eb200000,0x00000000ed180000)
  from space 6144K, 93% used [0x00000000ed180000,0x00000000ed719040,0x00000000ed780000)
  to   space 5632K, 0% used [0x00000000ed780000,0x00000000ed780000,0x00000000edd00000)
 ParOldGen       total 44032K, used 7828K [0x00000000c1600000, 0x00000000c4100000, 0x00000000eb200000)
  object space 44032K, 17% used [0x00000000c1600000,0x00000000c1da51f8,0x00000000c4100000)
 Metaspace       used 20847K, capacity 21078K, committed 21296K, reserved 1069056K
  class space    used 2580K, capacity 2636K, committed 2688K, reserved 1048576K
}
Event: 3.283 GC heap before
{Heap before GC invocations=8 (full 1):
 PSYoungGen      total 38400K, used 5732K [0x00000000eb200000, 0x00000000ede00000, 0x0000000100000000)
  eden space 32256K, 0% used [0x00000000eb200000,0x00000000eb200000,0x00000000ed180000)
  from space 6144K, 93% used [0x00000000ed180000,0x00000000ed719040,0x00000000ed780000)
  to   space 5632K, 0% used [0x00000000ed780000,0x00000000ed780000,0x00000000edd00000)
 ParOldGen       total 44032K, used 7828K [0x00000000c1600000, 0x00000000c4100000, 0x00000000eb200000)
  object space 44032K, 17% used [0x00000000c1600000,0x00000000c1da51f8,0x00000000c4100000)
 Metaspace       used 20847K, capacity 21078K, committed 21296K, reserved 1069056K
  class space    used 2580K, capacity 2636K, committed 2688K, reserved 1048576K
Event: 3.352 GC heap after
Heap after GC invocations=8 (full 1):
 PSYoungGen      total 38400K, used 0K [0x00000000eb200000, 0x00000000ede00000, 0x0000000100000000)
  eden space 32256K, 0% used [0x00000000eb200000,0x00000000eb200000,0x00000000ed180000)
  from space 6144K, 0% used [0x00000000ed180000,0x00000000ed180000,0x00000000ed780000)
  to   space 5632K, 0% used [0x00000000ed780000,0x00000000ed780000,0x00000000edd00000)
 ParOldGen       total 34816K, used 7452K [0x00000000c1600000, 0x00000000c3800000, 0x00000000eb200000)
  object space 34816K, 21% used [0x00000000c1600000,0x00000000c1d47238,0x00000000c3800000)
 Metaspace       used 20847K, capacity 21078K, committed 21296K, reserved 1069056K
  class space    used 2580K, capacity 2636K, committed 2688K, reserved 1048576K
}

